[2017-10-13 11:21:16.030] [DEBUG] courseware-server - start server!
[2017-10-13 14:28:48.317] [DEBUG] courseware-server - Start convert pdf file! file name:  1507876128312-IM 架构图文档.pdf
[2017-10-13 14:28:48.318] [DEBUG] courseware-server - Mkdir a path!path is:  cacheFiles/pdf/1507876128312-IM 架构图文档.pdf
[2017-10-13 14:28:49.419] [DEBUG] courseware-server - { urls: 
   { '0': { url: 'http://ovwpvt4dz.bkt.clouddn.com/cacheFiles/pdf/1507876128312-IM 架构图文档.pdf/1507876128312-IM 架构图文档-0.png' },
     '1': { url: 'http://ovwpvt4dz.bkt.clouddn.com/cacheFiles/pdf/1507876128312-IM 架构图文档.pdf/1507876128312-IM 架构图文档-1.png' },
     '2': { url: 'http://ovwpvt4dz.bkt.clouddn.com/cacheFiles/pdf/1507876128312-IM 架构图文档.pdf/1507876128312-IM 架构图文档-2.png' },
     '3': { url: 'http://ovwpvt4dz.bkt.clouddn.com/cacheFiles/pdf/1507876128312-IM 架构图文档.pdf/1507876128312-IM 架构图文档-3.png' } },
  info: 
   { Title: 'IM 架构图文档',
     Creator: 'Pages',
     Producer: 'Mac OS X 10.11.2 Quartz PDFContext',
     CreationDate: 'Wed Jun  8 06:16:15 2016',
     ModDate: 'Wed Jun  8 06:16:15 2016',
     Tagged: 'no',
     UserProperties: 'no',
     Suspects: 'no',
     Form: 'none',
     JavaScript: 'no',
     Pages: '4',
     Encrypted: 'no',
     'Page size': '595.28 x 841.89 pts (A4)',
     'Page rot': '0',
     'File size': '152955 bytes',
     Optimized: 'no',
     'PDF version': '1.3' },
  errors: [] } '4'
[2017-10-13 14:28:49.431] [DEBUG] courseware-server - PdfToImg result:  { urls: 
   { '0': { url: 'http://ovwpvt4dz.bkt.clouddn.com/cacheFiles/pdf/1507876128312-IM 架构图文档.pdf/1507876128312-IM 架构图文档-0.png' },
     '1': { url: 'http://ovwpvt4dz.bkt.clouddn.com/cacheFiles/pdf/1507876128312-IM 架构图文档.pdf/1507876128312-IM 架构图文档-1.png' },
     '2': { url: 'http://ovwpvt4dz.bkt.clouddn.com/cacheFiles/pdf/1507876128312-IM 架构图文档.pdf/1507876128312-IM 架构图文档-2.png' },
     '3': { url: 'http://ovwpvt4dz.bkt.clouddn.com/cacheFiles/pdf/1507876128312-IM 架构图文档.pdf/1507876128312-IM 架构图文档-3.png' } },
  info: 
   { Title: 'IM 架构图文档',
     Creator: 'Pages',
     Producer: 'Mac OS X 10.11.2 Quartz PDFContext',
     CreationDate: 'Wed Jun  8 06:16:15 2016',
     ModDate: 'Wed Jun  8 06:16:15 2016',
     Tagged: 'no',
     UserProperties: 'no',
     Suspects: 'no',
     Form: 'none',
     JavaScript: 'no',
     Pages: '4',
     Encrypted: 'no',
     'Page size': '595.28 x 841.89 pts (A4)',
     'Page rot': '0',
     'File size': '152955 bytes',
     Optimized: 'no',
     'PDF version': '1.3' },
  errors: [] }  err:  null
[2017-10-13 14:28:49.432] [DEBUG] courseware-server - Remove pdf file result:  null  path:  uploads/1507876128312-IM 架构图文档.pdf
[2017-10-13 14:28:49.433] [DEBUG] courseware-server - Remove pdf-images file result:  null  path:  cacheFiles/pdf/1507876128312-IM 架构图文档.pdf
[2017-10-13 14:28:58.487] [DEBUG] courseware-server - Remove pdf file result:  null  path:  uploads/1507876138334-TestPPT.pptx
[2017-10-13 14:48:03.028] [DEBUG] courseware-server - start server!
[2017-10-13 14:49:21.445] [DEBUG] courseware-server - start server!
[2017-10-13 14:49:45.849] [DEBUG] courseware-server - start server!
[2017-10-13 14:54:24.869] [DEBUG] courseware-server - start server!
[2017-10-13 14:58:18.857] [DEBUG] courseware-server - start server!
[2017-10-13 15:00:31.161] [DEBUG] courseware-server - Remove pdf file result:  null  path:  uploads/1507878030855-donghua.pptx
[2017-10-13 15:00:56.991] [DEBUG] courseware-server - Start convert doc(x) file! file name:  1507878056990-DES加密net、Java、PHP (1).docx
[2017-10-13 15:00:56.994] [DEBUG] courseware-server - Mkdir a path!path is:  cacheFiles/docx/1507878056990-DES加密net、Java、PHP (1).docx
[2017-10-13 15:00:58.787] [DEBUG] courseware-server - DocToPdf result:  undefined
[2017-10-13 15:01:00.903] [DEBUG] courseware-server - { urls: 
   { '0': { url: 'http://ovwpvt4dz.bkt.clouddn.com/cacheFiles/docx/1507878056990-DES加密net、Java、PHP (1).docx/1507878056990-DES加密net、Java、PHP (1)-0.png' },
     '1': { url: 'http://ovwpvt4dz.bkt.clouddn.com/cacheFiles/docx/1507878056990-DES加密net、Java、PHP (1).docx/1507878056990-DES加密net、Java、PHP (1)-1.png' },
     '2': { url: 'http://ovwpvt4dz.bkt.clouddn.com/cacheFiles/docx/1507878056990-DES加密net、Java、PHP (1).docx/1507878056990-DES加密net、Java、PHP (1)-2.png' },
     '3': { url: 'http://ovwpvt4dz.bkt.clouddn.com/cacheFiles/docx/1507878056990-DES加密net、Java、PHP (1).docx/1507878056990-DES加密net、Java、PHP (1)-3.png' },
     '4': { url: 'http://ovwpvt4dz.bkt.clouddn.com/cacheFiles/docx/1507878056990-DES加密net、Java、PHP (1).docx/1507878056990-DES加密net、Java、PHP (1)-4.png' },
     '5': { url: 'http://ovwpvt4dz.bkt.clouddn.com/cacheFiles/docx/1507878056990-DES加密net、Java、PHP (1).docx/1507878056990-DES加密net、Java、PHP (1)-5.png' },
     '6': { url: 'http://ovwpvt4dz.bkt.clouddn.com/cacheFiles/docx/1507878056990-DES加密net、Java、PHP (1).docx/1507878056990-DES加密net、Java、PHP (1)-6.png' },
     '7': { url: 'http://ovwpvt4dz.bkt.clouddn.com/cacheFiles/docx/1507878056990-DES加密net、Java、PHP (1).docx/1507878056990-DES加密net、Java、PHP (1)-7.png' },
     '8': { url: 'http://ovwpvt4dz.bkt.clouddn.com/cacheFiles/docx/1507878056990-DES加密net、Java、PHP (1).docx/1507878056990-DES加密net、Java、PHP (1)-8.png' },
     '9': { url: 'http://ovwpvt4dz.bkt.clouddn.com/cacheFiles/docx/1507878056990-DES加密net、Java、PHP (1).docx/1507878056990-DES加密net、Java、PHP (1)-9.png' },
     '10': { url: 'http://ovwpvt4dz.bkt.clouddn.com/cacheFiles/docx/1507878056990-DES加密net、Java、PHP (1).docx/1507878056990-DES加密net、Java、PHP (1)-10.png' } },
  info: 
   { Author: 'xuse',
     Creator: 'Writer',
     Producer: 'LibreOffice 5.1',
     CreationDate: 'Fri Oct 13 15:00:57 2017',
     Tagged: 'no',
     UserProperties: 'no',
     Suspects: 'no',
     Form: 'none',
     JavaScript: 'no',
     Pages: '11',
     Encrypted: 'no',
     'Page size': '842 x 595 pts (A4)',
     'Page rot': '0',
     'File size': '199441 bytes',
     Optimized: 'no',
     'PDF version': '1.4' },
  errors: [] } '11'
[2017-10-13 15:01:00.914] [DEBUG] courseware-server - PdfToImg result:  { urls: 
   { '0': { url: 'http://ovwpvt4dz.bkt.clouddn.com/cacheFiles/docx/1507878056990-DES加密net、Java、PHP (1).docx/1507878056990-DES加密net、Java、PHP (1)-0.png' },
     '1': { url: 'http://ovwpvt4dz.bkt.clouddn.com/cacheFiles/docx/1507878056990-DES加密net、Java、PHP (1).docx/1507878056990-DES加密net、Java、PHP (1)-1.png' },
     '2': { url: 'http://ovwpvt4dz.bkt.clouddn.com/cacheFiles/docx/1507878056990-DES加密net、Java、PHP (1).docx/1507878056990-DES加密net、Java、PHP (1)-2.png' },
     '3': { url: 'http://ovwpvt4dz.bkt.clouddn.com/cacheFiles/docx/1507878056990-DES加密net、Java、PHP (1).docx/1507878056990-DES加密net、Java、PHP (1)-3.png' },
     '4': { url: 'http://ovwpvt4dz.bkt.clouddn.com/cacheFiles/docx/1507878056990-DES加密net、Java、PHP (1).docx/1507878056990-DES加密net、Java、PHP (1)-4.png' },
     '5': { url: 'http://ovwpvt4dz.bkt.clouddn.com/cacheFiles/docx/1507878056990-DES加密net、Java、PHP (1).docx/1507878056990-DES加密net、Java、PHP (1)-5.png' },
     '6': { url: 'http://ovwpvt4dz.bkt.clouddn.com/cacheFiles/docx/1507878056990-DES加密net、Java、PHP (1).docx/1507878056990-DES加密net、Java、PHP (1)-6.png' },
     '7': { url: 'http://ovwpvt4dz.bkt.clouddn.com/cacheFiles/docx/1507878056990-DES加密net、Java、PHP (1).docx/1507878056990-DES加密net、Java、PHP (1)-7.png' },
     '8': { url: 'http://ovwpvt4dz.bkt.clouddn.com/cacheFiles/docx/1507878056990-DES加密net、Java、PHP (1).docx/1507878056990-DES加密net、Java、PHP (1)-8.png' },
     '9': { url: 'http://ovwpvt4dz.bkt.clouddn.com/cacheFiles/docx/1507878056990-DES加密net、Java、PHP (1).docx/1507878056990-DES加密net、Java、PHP (1)-9.png' },
     '10': { url: 'http://ovwpvt4dz.bkt.clouddn.com/cacheFiles/docx/1507878056990-DES加密net、Java、PHP (1).docx/1507878056990-DES加密net、Java、PHP (1)-10.png' } },
  info: 
   { Author: 'xuse',
     Creator: 'Writer',
     Producer: 'LibreOffice 5.1',
     CreationDate: 'Fri Oct 13 15:00:57 2017',
     Tagged: 'no',
     UserProperties: 'no',
     Suspects: 'no',
     Form: 'none',
     JavaScript: 'no',
     Pages: '11',
     Encrypted: 'no',
     'Page size': '842 x 595 pts (A4)',
     'Page rot': '0',
     'File size': '199441 bytes',
     Optimized: 'no',
     'PDF version': '1.4' },
  errors: [] }  err:  null
[2017-10-13 15:01:00.916] [DEBUG] courseware-server - Remove pdf file result:  null  path:  cacheFiles/docx/1507878056990-DES加密net、Java、PHP (1).docx/1507878056990-DES加密net、Java、PHP (1).pdf
[2017-10-13 15:01:00.917] [DEBUG] courseware-server - Remove pdf-images file result:  null  path:  cacheFiles/docx/1507878056990-DES加密net、Java、PHP (1).docx
[2017-10-13 15:01:15.228] [DEBUG] courseware-server - Start convert pdf file! file name:  1507878075225-IM 架构图文档.pdf
[2017-10-13 15:01:15.228] [DEBUG] courseware-server - Mkdir a path!path is:  cacheFiles/pdf/1507878075225-IM 架构图文档.pdf
[2017-10-13 15:01:16.238] [DEBUG] courseware-server - { urls: 
   { '0': { url: 'http://ovwpvt4dz.bkt.clouddn.com/cacheFiles/pdf/1507878075225-IM 架构图文档.pdf/1507878075225-IM 架构图文档-0.png' },
     '1': { url: 'http://ovwpvt4dz.bkt.clouddn.com/cacheFiles/pdf/1507878075225-IM 架构图文档.pdf/1507878075225-IM 架构图文档-1.png' },
     '2': { url: 'http://ovwpvt4dz.bkt.clouddn.com/cacheFiles/pdf/1507878075225-IM 架构图文档.pdf/1507878075225-IM 架构图文档-2.png' },
     '3': { url: 'http://ovwpvt4dz.bkt.clouddn.com/cacheFiles/pdf/1507878075225-IM 架构图文档.pdf/1507878075225-IM 架构图文档-3.png' } },
  info: 
   { Title: 'IM 架构图文档',
     Creator: 'Pages',
     Producer: 'Mac OS X 10.11.2 Quartz PDFContext',
     CreationDate: 'Wed Jun  8 06:16:15 2016',
     ModDate: 'Wed Jun  8 06:16:15 2016',
     Tagged: 'no',
     UserProperties: 'no',
     Suspects: 'no',
     Form: 'none',
     JavaScript: 'no',
     Pages: '4',
     Encrypted: 'no',
     'Page size': '595.28 x 841.89 pts (A4)',
     'Page rot': '0',
     'File size': '152955 bytes',
     Optimized: 'no',
     'PDF version': '1.3' },
  errors: [] } '4'
[2017-10-13 15:01:16.239] [DEBUG] courseware-server - PdfToImg result:  { urls: 
   { '0': { url: 'http://ovwpvt4dz.bkt.clouddn.com/cacheFiles/pdf/1507878075225-IM 架构图文档.pdf/1507878075225-IM 架构图文档-0.png' },
     '1': { url: 'http://ovwpvt4dz.bkt.clouddn.com/cacheFiles/pdf/1507878075225-IM 架构图文档.pdf/1507878075225-IM 架构图文档-1.png' },
     '2': { url: 'http://ovwpvt4dz.bkt.clouddn.com/cacheFiles/pdf/1507878075225-IM 架构图文档.pdf/1507878075225-IM 架构图文档-2.png' },
     '3': { url: 'http://ovwpvt4dz.bkt.clouddn.com/cacheFiles/pdf/1507878075225-IM 架构图文档.pdf/1507878075225-IM 架构图文档-3.png' } },
  info: 
   { Title: 'IM 架构图文档',
     Creator: 'Pages',
     Producer: 'Mac OS X 10.11.2 Quartz PDFContext',
     CreationDate: 'Wed Jun  8 06:16:15 2016',
     ModDate: 'Wed Jun  8 06:16:15 2016',
     Tagged: 'no',
     UserProperties: 'no',
     Suspects: 'no',
     Form: 'none',
     JavaScript: 'no',
     Pages: '4',
     Encrypted: 'no',
     'Page size': '595.28 x 841.89 pts (A4)',
     'Page rot': '0',
     'File size': '152955 bytes',
     Optimized: 'no',
     'PDF version': '1.3' },
  errors: [] }  err:  null
[2017-10-13 15:01:16.241] [DEBUG] courseware-server - Remove pdf file result:  null  path:  uploads/1507878075225-IM 架构图文档.pdf
[2017-10-13 15:01:16.241] [DEBUG] courseware-server - Remove pdf-images file result:  null  path:  cacheFiles/pdf/1507878075225-IM 架构图文档.pdf
[2017-10-13 15:06:56.285] [DEBUG] courseware-server - start server!
