[2017-10-18 14:39:52.695] [DEBUG] courseware-server - start server!
[2017-10-18 14:40:08.944] [DEBUG] courseware-server - Start convert pdf file! file name:  1508308808940-IM 架构图文档.pdf
[2017-10-18 14:40:08.946] [DEBUG] courseware-server - Mkdir a path!path is:  cacheFiles/pdf/1508308808940-IM 架构图文档.pdf
[2017-10-18 14:40:10.160] [DEBUG] courseware-server - { urls: 
   { '0': { url: 'http://ovwpvt4dz.bkt.clouddn.com/cacheFiles/pdf/1508308808940-IM 架构图文档.pdf/1508308808940-IM 架构图文档-0.png' },
     '1': { url: 'http://ovwpvt4dz.bkt.clouddn.com/cacheFiles/pdf/1508308808940-IM 架构图文档.pdf/1508308808940-IM 架构图文档-1.png' },
     '2': { url: 'http://ovwpvt4dz.bkt.clouddn.com/cacheFiles/pdf/1508308808940-IM 架构图文档.pdf/1508308808940-IM 架构图文档-2.png' },
     '3': { url: 'http://ovwpvt4dz.bkt.clouddn.com/cacheFiles/pdf/1508308808940-IM 架构图文档.pdf/1508308808940-IM 架构图文档-3.png' } },
  info: 
   { Title: 'IM 架构图文档',
     Creator: 'Pages',
     Producer: 'Mac OS X 10.11.2 Quartz PDFContext',
     CreationDate: 'Wed Jun  8 06:16:15 2016',
     ModDate: 'Wed Jun  8 06:16:15 2016',
     Tagged: 'no',
     UserProperties: 'no',
     Suspects: 'no',
     Form: 'none',
     JavaScript: 'no',
     Pages: '4',
     Encrypted: 'no',
     'Page size': '595.28 x 841.89 pts (A4)',
     'Page rot': '0',
     'File size': '152955 bytes',
     Optimized: 'no',
     'PDF version': '1.3' },
  errors: [] } '4'
[2017-10-18 14:40:10.172] [DEBUG] courseware-server - PdfToImg result:  { urls: 
   { '0': { url: 'http://ovwpvt4dz.bkt.clouddn.com/cacheFiles/pdf/1508308808940-IM 架构图文档.pdf/1508308808940-IM 架构图文档-0.png' },
     '1': { url: 'http://ovwpvt4dz.bkt.clouddn.com/cacheFiles/pdf/1508308808940-IM 架构图文档.pdf/1508308808940-IM 架构图文档-1.png' },
     '2': { url: 'http://ovwpvt4dz.bkt.clouddn.com/cacheFiles/pdf/1508308808940-IM 架构图文档.pdf/1508308808940-IM 架构图文档-2.png' },
     '3': { url: 'http://ovwpvt4dz.bkt.clouddn.com/cacheFiles/pdf/1508308808940-IM 架构图文档.pdf/1508308808940-IM 架构图文档-3.png' } },
  info: 
   { Title: 'IM 架构图文档',
     Creator: 'Pages',
     Producer: 'Mac OS X 10.11.2 Quartz PDFContext',
     CreationDate: 'Wed Jun  8 06:16:15 2016',
     ModDate: 'Wed Jun  8 06:16:15 2016',
     Tagged: 'no',
     UserProperties: 'no',
     Suspects: 'no',
     Form: 'none',
     JavaScript: 'no',
     Pages: '4',
     Encrypted: 'no',
     'Page size': '595.28 x 841.89 pts (A4)',
     'Page rot': '0',
     'File size': '152955 bytes',
     Optimized: 'no',
     'PDF version': '1.3' },
  errors: [] }  err:  null
[2017-10-18 14:40:10.173] [DEBUG] courseware-server - Remove pdf file result:  null  path:  uploads/1508308808940-IM 架构图文档.pdf
[2017-10-18 14:40:10.174] [DEBUG] courseware-server - Remove pdf-images file result:  null  path:  cacheFiles/pdf/1508308808940-IM 架构图文档.pdf
[2017-10-18 14:44:55.511] [DEBUG] courseware-server - start server!
