[2017-10-19 15:20:12.512] [DEBUG] courseware-server - start server!
[2017-10-19 15:20:36.424] [DEBUG] courseware-server - Remove pdf file result:  null  path:  uploads/1508397636230-野狗云&大大 大大.pptx
[2017-10-19 15:24:39.684] [DEBUG] courseware-server - start server!
[2017-10-19 15:24:46.370] [DEBUG] courseware-server - Remove pdf file result:  null  path:  uploads/1508397885855-野狗云&大大 大大.pptx
[2017-10-19 15:27:10.421] [DEBUG] courseware-server - start server!
[2017-10-19 15:27:40.315] [DEBUG] courseware-server - Remove pdf file result:  null  path:  uploads/1508398060053-野狗云&大大 大大.pptx
[2017-10-19 15:28:29.795] [DEBUG] courseware-server - Start convert pdf file! file name:  1508398109789-IM 架@#￥构图文档.pdf
[2017-10-19 15:28:29.795] [DEBUG] courseware-server - Mkdir a path!path is:  cacheFiles/pdf/1508398109789-IM 架￥构图文档.pdf
[2017-10-19 15:28:30.981] [DEBUG] courseware-server - { urls:
   { '0': { url: 'http://ovwpvt4dz.bkt.clouddn.com/cacheFiles/pdf/1508398109789-IM 架￥构图文档.pdf/1508398109789-IM 架@#￥构图文档-0.png' },
     '1': { url: 'http://ovwpvt4dz.bkt.clouddn.com/cacheFiles/pdf/1508398109789-IM 架￥构图文档.pdf/1508398109789-IM 架@#￥构图文档-1.png' },
     '2': { url: 'http://ovwpvt4dz.bkt.clouddn.com/cacheFiles/pdf/1508398109789-IM 架￥构图文档.pdf/1508398109789-IM 架@#￥构图文档-2.png' },
     '3': { url: 'http://ovwpvt4dz.bkt.clouddn.com/cacheFiles/pdf/1508398109789-IM 架￥构图文档.pdf/1508398109789-IM 架@#￥构图文档-3.png' } },
  info:
   { Title: 'IM 架构图文档',
     Creator: 'Pages',
     Producer: 'Mac OS X 10.11.2 Quartz PDFContext',
     CreationDate: 'Wed Jun  8 06:16:15 2016',
     ModDate: 'Wed Jun  8 06:16:15 2016',
     Tagged: 'no',
     UserProperties: 'no',
     Suspects: 'no',
     Form: 'none',
     JavaScript: 'no',
     Pages: '4',
     Encrypted: 'no',
     'Page size': '595.28 x 841.89 pts (A4)',
     'Page rot': '0',
     'File size': '152955 bytes',
     Optimized: 'no',
     'PDF version': '1.3' },
  errors: [] } '4'
[2017-10-19 15:28:30.993] [DEBUG] courseware-server - PdfToImg result:  { urls:
   { '0': { url: 'http://ovwpvt4dz.bkt.clouddn.com/cacheFiles/pdf/1508398109789-IM 架￥构图文档.pdf/1508398109789-IM 架@#￥构图文档-0.png' },
     '1': { url: 'http://ovwpvt4dz.bkt.clouddn.com/cacheFiles/pdf/1508398109789-IM 架￥构图文档.pdf/1508398109789-IM 架@#￥构图文档-1.png' },
     '2': { url: 'http://ovwpvt4dz.bkt.clouddn.com/cacheFiles/pdf/1508398109789-IM 架￥构图文档.pdf/1508398109789-IM 架@#￥构图文档-2.png' },
     '3': { url: 'http://ovwpvt4dz.bkt.clouddn.com/cacheFiles/pdf/1508398109789-IM 架￥构图文档.pdf/1508398109789-IM 架@#￥构图文档-3.png' } },
  info:
   { Title: 'IM 架构图文档',
     Creator: 'Pages',
     Producer: 'Mac OS X 10.11.2 Quartz PDFContext',
     CreationDate: 'Wed Jun  8 06:16:15 2016',
     ModDate: 'Wed Jun  8 06:16:15 2016',
     Tagged: 'no',
     UserProperties: 'no',
     Suspects: 'no',
     Form: 'none',
     JavaScript: 'no',
     Pages: '4',
     Encrypted: 'no',
     'Page size': '595.28 x 841.89 pts (A4)',
     'Page rot': '0',
     'File size': '152955 bytes',
     Optimized: 'no',
     'PDF version': '1.3' },
  errors: [] }  err:  null
[2017-10-19 15:28:30.994] [DEBUG] courseware-server - Remove pdf file result:  null  path:  uploads/1508398109789-IM 架@#￥构图文档.pdf
[2017-10-19 15:28:30.995] [DEBUG] courseware-server - Remove pdf-images file result:  null  path:  cacheFiles/pdf/1508398109789-IM 架￥构图文档.pdf
[2017-10-19 15:29:20.934] [DEBUG] courseware-server - Remove pdf file result:  null  path:  uploads/1508398160712-野狗云&&&大大 大大.pptx
[2017-10-19 15:37:40.071] [DEBUG] courseware-server - start server!
[2017-10-19 15:37:54.150] [DEBUG] courseware-server - Start convert pdf file! file name:  1508398674145-IM 架@#￥构图文档.pdf
[2017-10-19 15:37:54.151] [DEBUG] courseware-server - Mkdir a path!path is:  cacheFiles/pdf/1508398674145-IM架￥构图文档.pdf
[2017-10-19 15:37:55.622] [DEBUG] courseware-server - { urls:
   { '0': { url: 'http://ovwpvt4dz.bkt.clouddn.com/cacheFiles/pdf/1508398674145-IM架￥构图文档.pdf/1508398674145-IM 架@#￥构图文档-0.png' },
     '1': { url: 'http://ovwpvt4dz.bkt.clouddn.com/cacheFiles/pdf/1508398674145-IM架￥构图文档.pdf/1508398674145-IM 架@#￥构图文档-1.png' },
     '2': { url: 'http://ovwpvt4dz.bkt.clouddn.com/cacheFiles/pdf/1508398674145-IM架￥构图文档.pdf/1508398674145-IM 架@#￥构图文档-2.png' },
     '3': { url: 'http://ovwpvt4dz.bkt.clouddn.com/cacheFiles/pdf/1508398674145-IM架￥构图文档.pdf/1508398674145-IM 架@#￥构图文档-3.png' } },
  info:
   { Title: 'IM 架构图文档',
     Creator: 'Pages',
     Producer: 'Mac OS X 10.11.2 Quartz PDFContext',
     CreationDate: 'Wed Jun  8 06:16:15 2016',
     ModDate: 'Wed Jun  8 06:16:15 2016',
     Tagged: 'no',
     UserProperties: 'no',
     Suspects: 'no',
     Form: 'none',
     JavaScript: 'no',
     Pages: '4',
     Encrypted: 'no',
     'Page size': '595.28 x 841.89 pts (A4)',
     'Page rot': '0',
     'File size': '152955 bytes',
     Optimized: 'no',
     'PDF version': '1.3' },
  errors: [] } '4'
[2017-10-19 15:37:55.632] [DEBUG] courseware-server - PdfToImg result:  { urls:
   { '0': { url: 'http://ovwpvt4dz.bkt.clouddn.com/cacheFiles/pdf/1508398674145-IM架￥构图文档.pdf/1508398674145-IM 架@#￥构图文档-0.png' },
     '1': { url: 'http://ovwpvt4dz.bkt.clouddn.com/cacheFiles/pdf/1508398674145-IM架￥构图文档.pdf/1508398674145-IM 架@#￥构图文档-1.png' },
     '2': { url: 'http://ovwpvt4dz.bkt.clouddn.com/cacheFiles/pdf/1508398674145-IM架￥构图文档.pdf/1508398674145-IM 架@#￥构图文档-2.png' },
     '3': { url: 'http://ovwpvt4dz.bkt.clouddn.com/cacheFiles/pdf/1508398674145-IM架￥构图文档.pdf/1508398674145-IM 架@#￥构图文档-3.png' } },
  info:
   { Title: 'IM 架构图文档',
     Creator: 'Pages',
     Producer: 'Mac OS X 10.11.2 Quartz PDFContext',
     CreationDate: 'Wed Jun  8 06:16:15 2016',
     ModDate: 'Wed Jun  8 06:16:15 2016',
     Tagged: 'no',
     UserProperties: 'no',
     Suspects: 'no',
     Form: 'none',
     JavaScript: 'no',
     Pages: '4',
     Encrypted: 'no',
     'Page size': '595.28 x 841.89 pts (A4)',
     'Page rot': '0',
     'File size': '152955 bytes',
     Optimized: 'no',
     'PDF version': '1.3' },
  errors: [] }  err:  null
[2017-10-19 15:37:55.634] [DEBUG] courseware-server - Remove pdf file result:  null  path:  uploads/1508398674145-IM 架@#￥构图文档.pdf
[2017-10-19 15:37:55.635] [DEBUG] courseware-server - Remove pdf-images file result:  null  path:  cacheFiles/pdf/1508398674145-IM架￥构图文档.pdf
[2017-10-19 15:39:35.683] [DEBUG] courseware-server - Remove pdf file result:  null  path:  uploads/1508398775411-野狗云&&&#$%￥%大大 大大.pptx
[2017-10-19 15:41:15.676] [DEBUG] courseware-server - Remove pdf file result:  null  path:  uploads/1508398875409-野狗云&&&#$%￥%大大 大大.pptx
[2017-10-19 15:44:44.621] [DEBUG] courseware-server - Remove pdf file result:  null  path:  uploads/1508399084457-野狗云&&&#$%￥%大大 大大.pptx
[2017-10-19 15:50:21.799] [DEBUG] courseware-server - start server!
[2017-10-19 15:50:29.241] [DEBUG] courseware-server - Start convert pdf file! file name:  1508399429235-IM 架@#￥构图文档.pdf
[2017-10-19 15:50:29.241] [DEBUG] courseware-server - Mkdir a path!path is:  cacheFiles/pdf/1508399429235-IM架构图文档.pdf
[2017-10-19 15:50:30.474] [DEBUG] courseware-server - { urls: 
   { '0': { url: 'http://ovwpvt4dz.bkt.clouddn.com/cacheFiles/pdf/1508399429235-IM架构图文档.pdf/1508399429235-IM 架@#￥构图文档-0.png' },
     '1': { url: 'http://ovwpvt4dz.bkt.clouddn.com/cacheFiles/pdf/1508399429235-IM架构图文档.pdf/1508399429235-IM 架@#￥构图文档-1.png' },
     '2': { url: 'http://ovwpvt4dz.bkt.clouddn.com/cacheFiles/pdf/1508399429235-IM架构图文档.pdf/1508399429235-IM 架@#￥构图文档-2.png' },
     '3': { url: 'http://ovwpvt4dz.bkt.clouddn.com/cacheFiles/pdf/1508399429235-IM架构图文档.pdf/1508399429235-IM 架@#￥构图文档-3.png' } },
  info: 
   { Title: 'IM 架构图文档',
     Creator: 'Pages',
     Producer: 'Mac OS X 10.11.2 Quartz PDFContext',
     CreationDate: 'Wed Jun  8 06:16:15 2016',
     ModDate: 'Wed Jun  8 06:16:15 2016',
     Tagged: 'no',
     UserProperties: 'no',
     Suspects: 'no',
     Form: 'none',
     JavaScript: 'no',
     Pages: '4',
     Encrypted: 'no',
     'Page size': '595.28 x 841.89 pts (A4)',
     'Page rot': '0',
     'File size': '152955 bytes',
     Optimized: 'no',
     'PDF version': '1.3' },
  errors: [] } '4'
[2017-10-19 15:50:30.487] [DEBUG] courseware-server - PdfToImg result:  { urls: 
   { '0': { url: 'http://ovwpvt4dz.bkt.clouddn.com/cacheFiles/pdf/1508399429235-IM架构图文档.pdf/1508399429235-IM 架@#￥构图文档-0.png' },
     '1': { url: 'http://ovwpvt4dz.bkt.clouddn.com/cacheFiles/pdf/1508399429235-IM架构图文档.pdf/1508399429235-IM 架@#￥构图文档-1.png' },
     '2': { url: 'http://ovwpvt4dz.bkt.clouddn.com/cacheFiles/pdf/1508399429235-IM架构图文档.pdf/1508399429235-IM 架@#￥构图文档-2.png' },
     '3': { url: 'http://ovwpvt4dz.bkt.clouddn.com/cacheFiles/pdf/1508399429235-IM架构图文档.pdf/1508399429235-IM 架@#￥构图文档-3.png' } },
  info: 
   { Title: 'IM 架构图文档',
     Creator: 'Pages',
     Producer: 'Mac OS X 10.11.2 Quartz PDFContext',
     CreationDate: 'Wed Jun  8 06:16:15 2016',
     ModDate: 'Wed Jun  8 06:16:15 2016',
     Tagged: 'no',
     UserProperties: 'no',
     Suspects: 'no',
     Form: 'none',
     JavaScript: 'no',
     Pages: '4',
     Encrypted: 'no',
     'Page size': '595.28 x 841.89 pts (A4)',
     'Page rot': '0',
     'File size': '152955 bytes',
     Optimized: 'no',
     'PDF version': '1.3' },
  errors: [] }  err:  null
[2017-10-19 15:50:30.489] [DEBUG] courseware-server - Remove pdf file result:  null  path:  uploads/1508399429235-IM 架@#￥构图文档.pdf
[2017-10-19 15:50:30.490] [DEBUG] courseware-server - Remove pdf-images file result:  null  path:  cacheFiles/pdf/1508399429235-IM架构图文档.pdf
[2017-10-19 15:54:34.166] [DEBUG] courseware-server - start server!
[2017-10-19 15:54:45.878] [DEBUG] courseware-server - Start convert pdf file! file name:  1508399685873-IM 架@#￥构图文档.pdf
[2017-10-19 15:54:45.879] [DEBUG] courseware-server - Mkdir a path!path is:  cacheFiles/pdf/1508399685873-IM架构图文档.pdf
[2017-10-19 15:54:46.937] [DEBUG] courseware-server - { urls: 
   { '0': { url: 'http://ovwpvt4dz.bkt.clouddn.com/cacheFiles/pdf/1508399685873-IM架构图文档.pdf/1508399685873-IM架构图文档-0.png' },
     '1': { url: 'http://ovwpvt4dz.bkt.clouddn.com/cacheFiles/pdf/1508399685873-IM架构图文档.pdf/1508399685873-IM架构图文档-1.png' },
     '2': { url: 'http://ovwpvt4dz.bkt.clouddn.com/cacheFiles/pdf/1508399685873-IM架构图文档.pdf/1508399685873-IM架构图文档-2.png' },
     '3': { url: 'http://ovwpvt4dz.bkt.clouddn.com/cacheFiles/pdf/1508399685873-IM架构图文档.pdf/1508399685873-IM架构图文档-3.png' } },
  info: 
   { Title: 'IM 架构图文档',
     Creator: 'Pages',
     Producer: 'Mac OS X 10.11.2 Quartz PDFContext',
     CreationDate: 'Wed Jun  8 06:16:15 2016',
     ModDate: 'Wed Jun  8 06:16:15 2016',
     Tagged: 'no',
     UserProperties: 'no',
     Suspects: 'no',
     Form: 'none',
     JavaScript: 'no',
     Pages: '4',
     Encrypted: 'no',
     'Page size': '595.28 x 841.89 pts (A4)',
     'Page rot': '0',
     'File size': '152955 bytes',
     Optimized: 'no',
     'PDF version': '1.3' },
  errors: [] } '4'
[2017-10-19 15:54:46.947] [DEBUG] courseware-server - PdfToImg result:  { urls: 
   { '0': { url: 'http://ovwpvt4dz.bkt.clouddn.com/cacheFiles/pdf/1508399685873-IM架构图文档.pdf/1508399685873-IM架构图文档-0.png' },
     '1': { url: 'http://ovwpvt4dz.bkt.clouddn.com/cacheFiles/pdf/1508399685873-IM架构图文档.pdf/1508399685873-IM架构图文档-1.png' },
     '2': { url: 'http://ovwpvt4dz.bkt.clouddn.com/cacheFiles/pdf/1508399685873-IM架构图文档.pdf/1508399685873-IM架构图文档-2.png' },
     '3': { url: 'http://ovwpvt4dz.bkt.clouddn.com/cacheFiles/pdf/1508399685873-IM架构图文档.pdf/1508399685873-IM架构图文档-3.png' } },
  info: 
   { Title: 'IM 架构图文档',
     Creator: 'Pages',
     Producer: 'Mac OS X 10.11.2 Quartz PDFContext',
     CreationDate: 'Wed Jun  8 06:16:15 2016',
     ModDate: 'Wed Jun  8 06:16:15 2016',
     Tagged: 'no',
     UserProperties: 'no',
     Suspects: 'no',
     Form: 'none',
     JavaScript: 'no',
     Pages: '4',
     Encrypted: 'no',
     'Page size': '595.28 x 841.89 pts (A4)',
     'Page rot': '0',
     'File size': '152955 bytes',
     Optimized: 'no',
     'PDF version': '1.3' },
  errors: [] }  err:  null
[2017-10-19 15:54:46.949] [DEBUG] courseware-server - Remove pdf file result:  null  path:  uploads/1508399685873-IM 架@#￥构图文档.pdf
[2017-10-19 15:54:46.950] [DEBUG] courseware-server - Remove pdf-images file result:  null  path:  cacheFiles/pdf/1508399685873-IM架构图文档.pdf
[2017-10-19 15:55:52.753] [DEBUG] courseware-server - Start convert doc(x) file! file name:  1508399752752-DES加密net、Java、PHP (1)@！#@！%$#$#!$.docx
[2017-10-19 15:55:52.753] [DEBUG] courseware-server - Mkdir a path!path is:  cacheFiles/docx/1508399752752-DES加密net、Java、PHP(1)！！!.docx
[2017-10-19 15:55:55.170] [DEBUG] courseware-server - DocToPdf result:  undefined
[2017-10-19 15:55:56.711] [DEBUG] courseware-server - { urls: 
   { '0': { url: 'http://ovwpvt4dz.bkt.clouddn.com/cacheFiles/docx/1508399752752-DES加密net、Java、PHP(1)！！!.docx/1508399752752-DES加密net、Java、PHP(1)！！!-0.png' },
     '1': { url: 'http://ovwpvt4dz.bkt.clouddn.com/cacheFiles/docx/1508399752752-DES加密net、Java、PHP(1)！！!.docx/1508399752752-DES加密net、Java、PHP(1)！！!-1.png' },
     '2': { url: 'http://ovwpvt4dz.bkt.clouddn.com/cacheFiles/docx/1508399752752-DES加密net、Java、PHP(1)！！!.docx/1508399752752-DES加密net、Java、PHP(1)！！!-2.png' },
     '3': { url: 'http://ovwpvt4dz.bkt.clouddn.com/cacheFiles/docx/1508399752752-DES加密net、Java、PHP(1)！！!.docx/1508399752752-DES加密net、Java、PHP(1)！！!-3.png' },
     '4': { url: 'http://ovwpvt4dz.bkt.clouddn.com/cacheFiles/docx/1508399752752-DES加密net、Java、PHP(1)！！!.docx/1508399752752-DES加密net、Java、PHP(1)！！!-4.png' },
     '5': { url: 'http://ovwpvt4dz.bkt.clouddn.com/cacheFiles/docx/1508399752752-DES加密net、Java、PHP(1)！！!.docx/1508399752752-DES加密net、Java、PHP(1)！！!-5.png' },
     '6': { url: 'http://ovwpvt4dz.bkt.clouddn.com/cacheFiles/docx/1508399752752-DES加密net、Java、PHP(1)！！!.docx/1508399752752-DES加密net、Java、PHP(1)！！!-6.png' },
     '7': { url: 'http://ovwpvt4dz.bkt.clouddn.com/cacheFiles/docx/1508399752752-DES加密net、Java、PHP(1)！！!.docx/1508399752752-DES加密net、Java、PHP(1)！！!-7.png' },
     '8': { url: 'http://ovwpvt4dz.bkt.clouddn.com/cacheFiles/docx/1508399752752-DES加密net、Java、PHP(1)！！!.docx/1508399752752-DES加密net、Java、PHP(1)！！!-8.png' },
     '9': { url: 'http://ovwpvt4dz.bkt.clouddn.com/cacheFiles/docx/1508399752752-DES加密net、Java、PHP(1)！！!.docx/1508399752752-DES加密net、Java、PHP(1)！！!-9.png' },
     '10': { url: 'http://ovwpvt4dz.bkt.clouddn.com/cacheFiles/docx/1508399752752-DES加密net、Java、PHP(1)！！!.docx/1508399752752-DES加密net、Java、PHP(1)！！!-10.png' } },
  info: 
   { Author: 'xuse',
     Creator: 'Writer',
     Producer: 'LibreOffice 5.1',
     CreationDate: 'Thu Oct 19 15:55:54 2017',
     Tagged: 'no',
     UserProperties: 'no',
     Suspects: 'no',
     Form: 'none',
     JavaScript: 'no',
     Pages: '11',
     Encrypted: 'no',
     'Page size': '842 x 595 pts (A4)',
     'Page rot': '0',
     'File size': '199437 bytes',
     Optimized: 'no',
     'PDF version': '1.4' },
  errors: [] } '11'
[2017-10-19 15:55:56.712] [DEBUG] courseware-server - PdfToImg result:  { urls: 
   { '0': { url: 'http://ovwpvt4dz.bkt.clouddn.com/cacheFiles/docx/1508399752752-DES加密net、Java、PHP(1)！！!.docx/1508399752752-DES加密net、Java、PHP(1)！！!-0.png' },
     '1': { url: 'http://ovwpvt4dz.bkt.clouddn.com/cacheFiles/docx/1508399752752-DES加密net、Java、PHP(1)！！!.docx/1508399752752-DES加密net、Java、PHP(1)！！!-1.png' },
     '2': { url: 'http://ovwpvt4dz.bkt.clouddn.com/cacheFiles/docx/1508399752752-DES加密net、Java、PHP(1)！！!.docx/1508399752752-DES加密net、Java、PHP(1)！！!-2.png' },
     '3': { url: 'http://ovwpvt4dz.bkt.clouddn.com/cacheFiles/docx/1508399752752-DES加密net、Java、PHP(1)！！!.docx/1508399752752-DES加密net、Java、PHP(1)！！!-3.png' },
     '4': { url: 'http://ovwpvt4dz.bkt.clouddn.com/cacheFiles/docx/1508399752752-DES加密net、Java、PHP(1)！！!.docx/1508399752752-DES加密net、Java、PHP(1)！！!-4.png' },
     '5': { url: 'http://ovwpvt4dz.bkt.clouddn.com/cacheFiles/docx/1508399752752-DES加密net、Java、PHP(1)！！!.docx/1508399752752-DES加密net、Java、PHP(1)！！!-5.png' },
     '6': { url: 'http://ovwpvt4dz.bkt.clouddn.com/cacheFiles/docx/1508399752752-DES加密net、Java、PHP(1)！！!.docx/1508399752752-DES加密net、Java、PHP(1)！！!-6.png' },
     '7': { url: 'http://ovwpvt4dz.bkt.clouddn.com/cacheFiles/docx/1508399752752-DES加密net、Java、PHP(1)！！!.docx/1508399752752-DES加密net、Java、PHP(1)！！!-7.png' },
     '8': { url: 'http://ovwpvt4dz.bkt.clouddn.com/cacheFiles/docx/1508399752752-DES加密net、Java、PHP(1)！！!.docx/1508399752752-DES加密net、Java、PHP(1)！！!-8.png' },
     '9': { url: 'http://ovwpvt4dz.bkt.clouddn.com/cacheFiles/docx/1508399752752-DES加密net、Java、PHP(1)！！!.docx/1508399752752-DES加密net、Java、PHP(1)！！!-9.png' },
     '10': { url: 'http://ovwpvt4dz.bkt.clouddn.com/cacheFiles/docx/1508399752752-DES加密net、Java、PHP(1)！！!.docx/1508399752752-DES加密net、Java、PHP(1)！！!-10.png' } },
  info: 
   { Author: 'xuse',
     Creator: 'Writer',
     Producer: 'LibreOffice 5.1',
     CreationDate: 'Thu Oct 19 15:55:54 2017',
     Tagged: 'no',
     UserProperties: 'no',
     Suspects: 'no',
     Form: 'none',
     JavaScript: 'no',
     Pages: '11',
     Encrypted: 'no',
     'Page size': '842 x 595 pts (A4)',
     'Page rot': '0',
     'File size': '199437 bytes',
     Optimized: 'no',
     'PDF version': '1.4' },
  errors: [] }  err:  null
[2017-10-19 15:55:56.713] [DEBUG] courseware-server - Remove pdf file result:  null  path:  cacheFiles/docx/1508399752752-DES加密net、Java、PHP(1)！！!.docx/1508399752752-DES加密net、Java、PHP (1)@！#@！%$#$#!$.pdf
[2017-10-19 15:55:56.714] [DEBUG] courseware-server - Remove pdf-images file result:  null  path:  cacheFiles/docx/1508399752752-DES加密net、Java、PHP(1)！！!.docx
[2017-10-19 16:03:50.908] [DEBUG] courseware-server - start server!
[2017-10-19 16:04:02.942] [DEBUG] courseware-server - Remove pdf file result:  null  path:  uploads/1508400242572-野狗云&&&#$%￥%大大 大大.pptx
[2017-10-19 16:05:00.925] [DEBUG] courseware-server - Start convert doc(x) file! file name:  1508400300923-DES加密net、Java、PHP (1)@！#@！%$#$#!$.docx
[2017-10-19 16:05:00.925] [DEBUG] courseware-server - Mkdir a path!path is:  cacheFiles/docx/1508400300923-DES加密net、Java、PHP(1)！！!.docx
[2017-10-19 16:05:02.901] [DEBUG] courseware-server - DocToPdf result:  undefined
[2017-10-19 16:05:04.628] [DEBUG] courseware-server - { urls: 
   { '0': { url: 'http://ovwpvt4dz.bkt.clouddn.com/cacheFiles/docx/1508400300923-DES加密net、Java、PHP(1)！！!.docx/1508400300923-DES加密net、Java、PHP(1)！！!-0.png' },
     '1': { url: 'http://ovwpvt4dz.bkt.clouddn.com/cacheFiles/docx/1508400300923-DES加密net、Java、PHP(1)！！!.docx/1508400300923-DES加密net、Java、PHP(1)！！!-1.png' },
     '2': { url: 'http://ovwpvt4dz.bkt.clouddn.com/cacheFiles/docx/1508400300923-DES加密net、Java、PHP(1)！！!.docx/1508400300923-DES加密net、Java、PHP(1)！！!-2.png' },
     '3': { url: 'http://ovwpvt4dz.bkt.clouddn.com/cacheFiles/docx/1508400300923-DES加密net、Java、PHP(1)！！!.docx/1508400300923-DES加密net、Java、PHP(1)！！!-3.png' },
     '4': { url: 'http://ovwpvt4dz.bkt.clouddn.com/cacheFiles/docx/1508400300923-DES加密net、Java、PHP(1)！！!.docx/1508400300923-DES加密net、Java、PHP(1)！！!-4.png' },
     '5': { url: 'http://ovwpvt4dz.bkt.clouddn.com/cacheFiles/docx/1508400300923-DES加密net、Java、PHP(1)！！!.docx/1508400300923-DES加密net、Java、PHP(1)！！!-5.png' },
     '6': { url: 'http://ovwpvt4dz.bkt.clouddn.com/cacheFiles/docx/1508400300923-DES加密net、Java、PHP(1)！！!.docx/1508400300923-DES加密net、Java、PHP(1)！！!-6.png' },
     '7': { url: 'http://ovwpvt4dz.bkt.clouddn.com/cacheFiles/docx/1508400300923-DES加密net、Java、PHP(1)！！!.docx/1508400300923-DES加密net、Java、PHP(1)！！!-7.png' },
     '8': { url: 'http://ovwpvt4dz.bkt.clouddn.com/cacheFiles/docx/1508400300923-DES加密net、Java、PHP(1)！！!.docx/1508400300923-DES加密net、Java、PHP(1)！！!-8.png' },
     '9': { url: 'http://ovwpvt4dz.bkt.clouddn.com/cacheFiles/docx/1508400300923-DES加密net、Java、PHP(1)！！!.docx/1508400300923-DES加密net、Java、PHP(1)！！!-9.png' },
     '10': { url: 'http://ovwpvt4dz.bkt.clouddn.com/cacheFiles/docx/1508400300923-DES加密net、Java、PHP(1)！！!.docx/1508400300923-DES加密net、Java、PHP(1)！！!-10.png' } },
  info: 
   { Author: 'xuse',
     Creator: 'Writer',
     Producer: 'LibreOffice 5.1',
     CreationDate: 'Thu Oct 19 16:05:02 2017',
     Tagged: 'no',
     UserProperties: 'no',
     Suspects: 'no',
     Form: 'none',
     JavaScript: 'no',
     Pages: '11',
     Encrypted: 'no',
     'Page size': '842 x 595 pts (A4)',
     'Page rot': '0',
     'File size': '199435 bytes',
     Optimized: 'no',
     'PDF version': '1.4' },
  errors: [] } '11'
[2017-10-19 16:05:04.638] [DEBUG] courseware-server - PdfToImg result:  { urls: 
   { '0': { url: 'http://ovwpvt4dz.bkt.clouddn.com/cacheFiles/docx/1508400300923-DES加密net、Java、PHP(1)！！!.docx/1508400300923-DES加密net、Java、PHP(1)！！!-0.png' },
     '1': { url: 'http://ovwpvt4dz.bkt.clouddn.com/cacheFiles/docx/1508400300923-DES加密net、Java、PHP(1)！！!.docx/1508400300923-DES加密net、Java、PHP(1)！！!-1.png' },
     '2': { url: 'http://ovwpvt4dz.bkt.clouddn.com/cacheFiles/docx/1508400300923-DES加密net、Java、PHP(1)！！!.docx/1508400300923-DES加密net、Java、PHP(1)！！!-2.png' },
     '3': { url: 'http://ovwpvt4dz.bkt.clouddn.com/cacheFiles/docx/1508400300923-DES加密net、Java、PHP(1)！！!.docx/1508400300923-DES加密net、Java、PHP(1)！！!-3.png' },
     '4': { url: 'http://ovwpvt4dz.bkt.clouddn.com/cacheFiles/docx/1508400300923-DES加密net、Java、PHP(1)！！!.docx/1508400300923-DES加密net、Java、PHP(1)！！!-4.png' },
     '5': { url: 'http://ovwpvt4dz.bkt.clouddn.com/cacheFiles/docx/1508400300923-DES加密net、Java、PHP(1)！！!.docx/1508400300923-DES加密net、Java、PHP(1)！！!-5.png' },
     '6': { url: 'http://ovwpvt4dz.bkt.clouddn.com/cacheFiles/docx/1508400300923-DES加密net、Java、PHP(1)！！!.docx/1508400300923-DES加密net、Java、PHP(1)！！!-6.png' },
     '7': { url: 'http://ovwpvt4dz.bkt.clouddn.com/cacheFiles/docx/1508400300923-DES加密net、Java、PHP(1)！！!.docx/1508400300923-DES加密net、Java、PHP(1)！！!-7.png' },
     '8': { url: 'http://ovwpvt4dz.bkt.clouddn.com/cacheFiles/docx/1508400300923-DES加密net、Java、PHP(1)！！!.docx/1508400300923-DES加密net、Java、PHP(1)！！!-8.png' },
     '9': { url: 'http://ovwpvt4dz.bkt.clouddn.com/cacheFiles/docx/1508400300923-DES加密net、Java、PHP(1)！！!.docx/1508400300923-DES加密net、Java、PHP(1)！！!-9.png' },
     '10': { url: 'http://ovwpvt4dz.bkt.clouddn.com/cacheFiles/docx/1508400300923-DES加密net、Java、PHP(1)！！!.docx/1508400300923-DES加密net、Java、PHP(1)！！!-10.png' } },
  info: 
   { Author: 'xuse',
     Creator: 'Writer',
     Producer: 'LibreOffice 5.1',
     CreationDate: 'Thu Oct 19 16:05:02 2017',
     Tagged: 'no',
     UserProperties: 'no',
     Suspects: 'no',
     Form: 'none',
     JavaScript: 'no',
     Pages: '11',
     Encrypted: 'no',
     'Page size': '842 x 595 pts (A4)',
     'Page rot': '0',
     'File size': '199435 bytes',
     Optimized: 'no',
     'PDF version': '1.4' },
  errors: [] }  err:  null
[2017-10-19 16:05:04.640] [DEBUG] courseware-server - Remove pdf file result:  null  path:  cacheFiles/docx/1508400300923-DES加密net、Java、PHP(1)！！!.docx/1508400300923-DES加密net、Java、PHP (1)@！#@！%$#$#!$.pdf
[2017-10-19 16:05:04.649] [DEBUG] courseware-server - Remove pdf-images file result:  null  path:  cacheFiles/docx/1508400300923-DES加密net、Java、PHP(1)！！!.docx
[2017-10-19 16:12:56.595] [DEBUG] courseware-server - start server!
[2017-10-19 16:13:21.464] [DEBUG] courseware-server - Start convert pdf file! file name:  1508400801460-IM 架@#￥构图文档.pdf
[2017-10-19 16:13:21.465] [DEBUG] courseware-server - Mkdir a path!path is:  cacheFiles/pdf/1508400801460-IM架构图文档.pdf
[2017-10-19 16:13:22.574] [DEBUG] courseware-server - { urls: 
   { '0': { url: 'http://ovwpvt4dz.bkt.clouddn.com/cacheFiles/pdf/1508400801460-IM架构图文档.pdf/1508400801460-IM架构图文档-0.png' },
     '1': { url: 'http://ovwpvt4dz.bkt.clouddn.com/cacheFiles/pdf/1508400801460-IM架构图文档.pdf/1508400801460-IM架构图文档-1.png' },
     '2': { url: 'http://ovwpvt4dz.bkt.clouddn.com/cacheFiles/pdf/1508400801460-IM架构图文档.pdf/1508400801460-IM架构图文档-2.png' },
     '3': { url: 'http://ovwpvt4dz.bkt.clouddn.com/cacheFiles/pdf/1508400801460-IM架构图文档.pdf/1508400801460-IM架构图文档-3.png' } },
  info: 
   { Title: 'IM 架构图文档',
     Creator: 'Pages',
     Producer: 'Mac OS X 10.11.2 Quartz PDFContext',
     CreationDate: 'Wed Jun  8 06:16:15 2016',
     ModDate: 'Wed Jun  8 06:16:15 2016',
     Tagged: 'no',
     UserProperties: 'no',
     Suspects: 'no',
     Form: 'none',
     JavaScript: 'no',
     Pages: '4',
     Encrypted: 'no',
     'Page size': '595.28 x 841.89 pts (A4)',
     'Page rot': '0',
     'File size': '152955 bytes',
     Optimized: 'no',
     'PDF version': '1.3' },
  errors: [] } '4'
[2017-10-19 16:13:22.584] [DEBUG] courseware-server - PdfToImg result:  { urls: 
   { '0': { url: 'http://ovwpvt4dz.bkt.clouddn.com/cacheFiles/pdf/1508400801460-IM架构图文档.pdf/1508400801460-IM架构图文档-0.png' },
     '1': { url: 'http://ovwpvt4dz.bkt.clouddn.com/cacheFiles/pdf/1508400801460-IM架构图文档.pdf/1508400801460-IM架构图文档-1.png' },
     '2': { url: 'http://ovwpvt4dz.bkt.clouddn.com/cacheFiles/pdf/1508400801460-IM架构图文档.pdf/1508400801460-IM架构图文档-2.png' },
     '3': { url: 'http://ovwpvt4dz.bkt.clouddn.com/cacheFiles/pdf/1508400801460-IM架构图文档.pdf/1508400801460-IM架构图文档-3.png' } },
  info: 
   { Title: 'IM 架构图文档',
     Creator: 'Pages',
     Producer: 'Mac OS X 10.11.2 Quartz PDFContext',
     CreationDate: 'Wed Jun  8 06:16:15 2016',
     ModDate: 'Wed Jun  8 06:16:15 2016',
     Tagged: 'no',
     UserProperties: 'no',
     Suspects: 'no',
     Form: 'none',
     JavaScript: 'no',
     Pages: '4',
     Encrypted: 'no',
     'Page size': '595.28 x 841.89 pts (A4)',
     'Page rot': '0',
     'File size': '152955 bytes',
     Optimized: 'no',
     'PDF version': '1.3' },
  errors: [] }  err:  null
[2017-10-19 16:13:22.586] [DEBUG] courseware-server - Remove pdf file result:  null  path:  uploads/1508400801460-IM 架@#￥构图文档.pdf
[2017-10-19 16:13:22.588] [DEBUG] courseware-server - Remove pdf-images file result:  null  path:  cacheFiles/pdf/1508400801460-IM架构图文档.pdf
